[debug] [2024-02-17T03:35:36.870Z] ----------------------------------------------------------------------
[debug] [2024-02-17T03:35:36.884Z] Command:       C:\Program Files\nodejs\node.exe C:\Users\user\AppData\Roaming\npm\node_modules\firebase-tools\lib\bin\firebase.js emulators:start --only functions
[debug] [2024-02-17T03:35:36.889Z] CLI Version:   13.3.0
[debug] [2024-02-17T03:35:36.891Z] Platform:      win32
[debug] [2024-02-17T03:35:36.892Z] Node Version:  v21.4.0
[debug] [2024-02-17T03:35:36.893Z] Time:          Fri Feb 16 2024 21:35:36 GMT-0600 (Central Standard Time)
[debug] [2024-02-17T03:35:36.894Z] ----------------------------------------------------------------------
[debug] 
[debug] [2024-02-17T03:35:37.674Z] > command requires scopes: ["email","openid","https://www.googleapis.com/auth/cloudplatformprojects.readonly","https://www.googleapis.com/auth/firebase","https://www.googleapis.com/auth/cloud-platform"]
[debug] [2024-02-17T03:35:37.681Z] > authorizing via signed-in user (joloveys@gmail.com)
[info] i  emulators: Starting emulators: functions {"metadata":{"emulator":{"name":"hub"},"message":"Starting emulators: functions"}}
[debug] [2024-02-17T03:35:37.816Z] [logging] Logging Emulator only supports listening on one address (127.0.0.1). Not listening on ::1
[warn] !  ui: Emulator UI unable to start on port 4000, starting on 4003 instead. {"metadata":{"emulator":{"name":"ui"},"message":"Emulator UI unable to start on port 4000, starting on 4003 instead."}}
[debug] [2024-02-17T03:35:37.847Z] assigned listening specs for emulators {"user":{"hub":[{"address":"127.0.0.1","family":"IPv4","port":4400},{"address":"::1","family":"IPv6","port":4400}],"logging":[{"address":"127.0.0.1","family":"IPv4","port":4500}],"ui":[{"address":"127.0.0.1","family":"IPv4","port":4003},{"address":"::1","family":"IPv6","port":4003}]},"metadata":{"message":"assigned listening specs for emulators"}}
[debug] [2024-02-17T03:35:37.959Z] [hub] writing locator at C:\Users\user\AppData\Local\Temp\hub-clone-775f8.json
[debug] [2024-02-17T03:35:38.083Z] [functions] Functions Emulator only supports listening on one address (127.0.0.1). Not listening on ::1
[debug] [2024-02-17T03:35:38.084Z] [eventarc] Eventarc Emulator only supports listening on one address (127.0.0.1). Not listening on ::1
[debug] [2024-02-17T03:35:38.084Z] late-assigned ports for functions and eventarc emulators {"user":{"hub":[{"address":"127.0.0.1","family":"IPv4","port":4400},{"address":"::1","family":"IPv6","port":4400}],"logging":[{"address":"127.0.0.1","family":"IPv4","port":4500}],"ui":[{"address":"127.0.0.1","family":"IPv4","port":4003},{"address":"::1","family":"IPv6","port":4003}],"functions":[{"address":"127.0.0.1","family":"IPv4","port":5001}],"eventarc":[{"address":"127.0.0.1","family":"IPv4","port":9299}]},"metadata":{"message":"late-assigned ports for functions and eventarc emulators"}}
[warn] !  functions: The following emulators are not running, calls to these services from the Functions emulator will affect production: auth, firestore, database, hosting, pubsub, storage {"metadata":{"emulator":{"name":"functions"},"message":"The following emulators are not running, calls to these services from the Functions emulator will affect production: \u001b[1mauth, firestore, database, hosting, pubsub, storage\u001b[22m"}}
[debug] [2024-02-17T03:35:38.102Z] defaultcredentials: writing to file C:\Users\user\AppData\Roaming\firebase\joloveys_gmail_com_application_default_credentials.json
[debug] [2024-02-17T03:35:38.244Z] Setting GAC to C:\Users\user\AppData\Roaming\firebase\joloveys_gmail_com_application_default_credentials.json {"metadata":{"emulator":{"name":"functions"},"message":"Setting GAC to C:\\Users\\user\\AppData\\Roaming\\firebase\\joloveys_gmail_com_application_default_credentials.json"}}
[debug] [2024-02-17T03:35:38.250Z] > refreshing access token with scopes: []
[debug] [2024-02-17T03:35:38.259Z] >>> [apiv2][query] POST https://www.googleapis.com/oauth2/v3/token [none]
[debug] [2024-02-17T03:35:38.260Z] >>> [apiv2][body] POST https://www.googleapis.com/oauth2/v3/token [omitted]
[debug] [2024-02-17T03:35:38.421Z] <<< [apiv2][status] POST https://www.googleapis.com/oauth2/v3/token 200
[debug] [2024-02-17T03:35:38.421Z] <<< [apiv2][body] POST https://www.googleapis.com/oauth2/v3/token [omitted]
[debug] [2024-02-17T03:35:38.512Z] >>> [apiv2][query] GET https://firebase.googleapis.com/v1beta1/projects/clone-775f8/adminSdkConfig [none]
[debug] [2024-02-17T03:35:39.018Z] <<< [apiv2][status] GET https://firebase.googleapis.com/v1beta1/projects/clone-775f8/adminSdkConfig 200
[debug] [2024-02-17T03:35:39.019Z] <<< [apiv2][body] GET https://firebase.googleapis.com/v1beta1/projects/clone-775f8/adminSdkConfig {"projectId":"clone-775f8","storageBucket":"clone-775f8.appspot.com"}
[debug] [2024-02-17T03:35:39.210Z] Ignoring unsupported arg: auto_download {"metadata":{"emulator":{"name":"ui"},"message":"Ignoring unsupported arg: auto_download"}}
[debug] [2024-02-17T03:35:39.213Z] Ignoring unsupported arg: port {"metadata":{"emulator":{"name":"ui"},"message":"Ignoring unsupported arg: port"}}
[debug] [2024-02-17T03:35:39.219Z] Starting Emulator UI with command {"binary":"node","args":["C:\\Users\\user\\.cache\\firebase\\emulators\\ui-v1.11.7\\server\\server.js"],"optionalArgs":[],"joinArgs":false} {"metadata":{"emulator":{"name":"ui"},"message":"Starting Emulator UI with command {\"binary\":\"node\",\"args\":[\"C:\\\\Users\\\\user\\\\.cache\\\\firebase\\\\emulators\\\\ui-v1.11.7\\\\server\\\\server.js\"],\"optionalArgs\":[],\"joinArgs\":false}"}}
[info] i  ui: Emulator UI logging to ui-debug.log {"metadata":{"emulator":{"name":"ui"},"message":"Emulator UI logging to \u001b[1mui-debug.log\u001b[22m"}}
[debug] [2024-02-17T03:35:40.638Z] Web / API server started at 127.0.0.1:4003
 {"metadata":{"emulator":{"name":"ui"},"message":"Web / API server started at 127.0.0.1:4003\n"}}
[debug] [2024-02-17T03:35:40.640Z] Web / API server started at ::1:4003
 {"metadata":{"emulator":{"name":"ui"},"message":"Web / API server started at ::1:4003\n"}}
[info] i  functions: Watching "C:\Users\user\Desktop\Evangadi\amazon -clon\amazon-api-clone\client\functions" for Cloud Functions... {"metadata":{"emulator":{"name":"functions"},"message":"Watching \"C:\\Users\\user\\Desktop\\Evangadi\\amazon -clon\\amazon-api-clone\\client\\functions\" for Cloud Functions..."}}
[debug] [2024-02-17T03:35:40.709Z] Validating nodejs source
[debug] [2024-02-17T03:35:48.978Z] > [functions] package.json contents: {
  "name": "functions",
  "description": "Cloud Functions for Firebase",
  "scripts": {
    "serve": "firebase emulators:start --only functions",
    "shell": "firebase functions:shell",
    "start": "npm run shell",
    "deploy": "firebase deploy --only functions",
    "logs": "firebase functions:log"
  },
  "engines": {
    "node": "18"
  },
  "main": "index.js",
  "dependencies": {
    "cors": "^2.8.5",
    "dotenv": "^16.4.4",
    "express": "^4.18.2",
    "firebase-admin": "^11.8.0",
    "firebase-functions": "^4.3.1",
    "stripe": "^14.16.0"
  },
  "devDependencies": {
    "firebase-functions-test": "^3.1.0"
  },
  "private": true
}
[debug] [2024-02-17T03:35:48.979Z] Building nodejs source
[debug] [2024-02-17T03:35:48.980Z] Failed to find version of module node: reached end of search path C:\Users\user\Desktop\Evangadi\amazon -clon\amazon-api-clone\client\functions\node_modules
[warn] !  functions: Your requested "node" version "18" doesn't match your global version "21". Using node@21 from host. 
[info] i  functions: Loaded environment variables from .env. 
[debug] [2024-02-17T03:35:49.001Z] Could not find functions.yaml. Must use http discovery
[debug] [2024-02-17T03:35:49.104Z] Found firebase-functions binary at 'C:\Users\user\Desktop\Evangadi\amazon -clon\amazon-api-clone\client\functions\node_modules\.bin\firebase-functions'
[info] Serving at port 8708

[debug] [2024-02-17T03:35:52.775Z] Got response from /__/functions.yaml {"endpoints":{"api":{"availableMemoryMb":null,"timeoutSeconds":null,"minInstances":null,"maxInstances":null,"ingressSettings":null,"concurrency":null,"serviceAccountEmail":null,"vpc":null,"platform":"gcfv2","labels":{},"httpsTrigger":{},"entryPoint":"api"}},"specVersion":"v1alpha1","requiredAPIs":[]}
[info] +  functions: Loaded functions definitions from source: api. {"metadata":{"emulator":{"name":"functions"},"message":"Loaded functions definitions from source: api."}}
[info] +  functions[us-central1-api]: http function initialized (http://127.0.0.1:5001/clone-775f8/us-central1/api). {"metadata":{"emulator":{"name":"functions"},"message":"\u001b[1mhttp\u001b[22m function initialized (http://127.0.0.1:5001/clone-775f8/us-central1/api)."}}
[info] 
┌─────────────────────────────────────────────────────────────┐
│ ✔  All emulators ready! It is now safe to connect your app. │
│ i  View Emulator UI at http://127.0.0.1:4003/               │
└─────────────────────────────────────────────────────────────┘

┌───────────┬────────────────┬─────────────────────────────────┐
│ Emulator  │ Host:Port      │ View in Emulator UI             │
├───────────┼────────────────┼─────────────────────────────────┤
│ Functions │ 127.0.0.1:5001 │ http://127.0.0.1:4003/functions │
└───────────┴────────────────┴─────────────────────────────────┘
  Emulator Hub running at 127.0.0.1:4400
  Other reserved ports: 4500

Issues? Report them at https://github.com/firebase/firebase-tools/issues and attach the *-debug.log files.
 
[debug] [2024-02-17T03:38:41.173Z] [work-queue] {"queuedWork":["/clone-775f8/us-central1/api/payment/create-2024-02-17T03:38:41.172Z"],"queueLength":1,"runningWork":[],"workRunningCount":0}
[debug] [2024-02-17T03:38:41.176Z] [work-queue] {"queuedWork":[],"queueLength":0,"runningWork":["/clone-775f8/us-central1/api/payment/create-2024-02-17T03:38:41.172Z"],"workRunningCount":1}
[debug] [2024-02-17T03:38:41.178Z] Accepted request POST /clone-775f8/us-central1/api/payment/create?total=22098 --> us-central1-api
[debug] [2024-02-17T03:38:41.202Z] [functions] Runtime ready! Sending request! {"metadata":{"emulator":{"name":"functions"},"message":"[functions] Runtime ready! Sending request!"}}
[debug] [2024-02-17T03:38:41.206Z] [functions] Got req.url=/clone-775f8/us-central1/api/payment/create?total=22098, mapping to path=/payment/create?total=22098 {"metadata":{"emulator":{"name":"functions"},"message":"[functions] Got req.url=/clone-775f8/us-central1/api/payment/create?total=22098, mapping to path=/payment/create?total=22098"}}
[info] i  functions: Loaded environment variables from .env. 
[debug] [2024-02-17T03:38:41.570Z] [worker-pool] addWorker(us-central1-api) {"metadata":{"emulator":{"name":"functions"},"message":"[worker-pool] addWorker(us-central1-api)"}}
[debug] [2024-02-17T03:38:41.573Z] [worker-pool] Adding worker with key us-central1-api, total=1 {"metadata":{"emulator":{"name":"functions"},"message":"[worker-pool] Adding worker with key us-central1-api, total=1"}}
[error] !!  functions: Failed to handle request for function us-central1-api {"metadata":{"emulator":{"name":"functions"},"message":"Failed to handle request for function us-central1-api"}}
[error] !!  functions: Failed to start functions in C:\Users\user\Desktop\Evangadi\amazon -clon\amazon-api-clone\client\functions: FirebaseError: Failed to load function. {"metadata":{"emulator":{"name":"functions"},"message":"Failed to start functions in C:\\Users\\user\\Desktop\\Evangadi\\amazon -clon\\amazon-api-clone\\client\\functions: FirebaseError: Failed to load function."}}
[debug] [2024-02-17T03:39:11.650Z] [work-queue] {"queuedWork":[],"queueLength":0,"runningWork":[],"workRunningCount":0}
[info] >  (node:17892) [DEP0040] DeprecationWarning: The `punycode` module is deprecated. Please use a userland alternative instead. {"user":"(node:17892) [DEP0040] DeprecationWarning: The `punycode` module is deprecated. Please use a userland alternative instead.","metadata":{"emulator":{"name":"functions"},"function":{"name":"us-central1-api"},"extension":{},"message":"\u001b[90m> \u001b[39m (node:17892) [DEP0040] DeprecationWarning: The `punycode` module is deprecated. Please use a userland alternative instead."}}
[info] >  (Use `node --trace-deprecation ...` to show where the warning was created) {"user":"(Use `node --trace-deprecation ...` to show where the warning was created)","metadata":{"emulator":{"name":"functions"},"function":{"name":"us-central1-api"},"extension":{},"message":"\u001b[90m> \u001b[39m (Use `node --trace-deprecation ...` to show where the warning was created)"}}
[debug] [2024-02-17T03:39:29.408Z] [runtime-status] [17892] Resolved module firebase-admin {"declared":true,"installed":true,"version":"11.11.1","resolution":"C:\\Users\\user\\Desktop\\Evangadi\\amazon -clon\\amazon-api-clone\\client\\functions\\node_modules\\firebase-admin\\lib\\index.js"} {"metadata":{"emulator":{"name":"functions"},"function":{"name":"us-central1-api"},"extension":{},"message":"[runtime-status] [17892] Resolved module firebase-admin {\"declared\":true,\"installed\":true,\"version\":\"11.11.1\",\"resolution\":\"C:\\\\Users\\\\user\\\\Desktop\\\\Evangadi\\\\amazon -clon\\\\amazon-api-clone\\\\client\\\\functions\\\\node_modules\\\\firebase-admin\\\\lib\\\\index.js\"}"}}
[debug] [2024-02-17T03:39:29.427Z] [runtime-status] [17892] Resolved module firebase-functions {"declared":true,"installed":true,"version":"4.7.0","resolution":"C:\\Users\\user\\Desktop\\Evangadi\\amazon -clon\\amazon-api-clone\\client\\functions\\node_modules\\firebase-functions\\lib\\v1\\index.js"} {"metadata":{"emulator":{"name":"functions"},"function":{"name":"us-central1-api"},"extension":{},"message":"[runtime-status] [17892] Resolved module firebase-functions {\"declared\":true,\"installed\":true,\"version\":\"4.7.0\",\"resolution\":\"C:\\\\Users\\\\user\\\\Desktop\\\\Evangadi\\\\amazon -clon\\\\amazon-api-clone\\\\client\\\\functions\\\\node_modules\\\\firebase-functions\\\\lib\\\\v1\\\\index.js\"}"}}
[debug] [2024-02-17T03:39:29.443Z] [runtime-status] [17892] Outgoing network have been stubbed. [{"name":"http","status":"mocked"},{"name":"http","status":"mocked"},{"name":"https","status":"mocked"},{"name":"https","status":"mocked"},{"name":"net","status":"mocked"}] {"metadata":{"emulator":{"name":"functions"},"function":{"name":"us-central1-api"},"extension":{},"message":"[runtime-status] [17892] Outgoing network have been stubbed. [{\"name\":\"http\",\"status\":\"mocked\"},{\"name\":\"http\",\"status\":\"mocked\"},{\"name\":\"https\",\"status\":\"mocked\"},{\"name\":\"https\",\"status\":\"mocked\"},{\"name\":\"net\",\"status\":\"mocked\"}]"}}
[debug] [2024-02-17T03:39:29.460Z] [runtime-status] [17892] Resolved module firebase-functions {"declared":true,"installed":true,"version":"4.7.0","resolution":"C:\\Users\\user\\Desktop\\Evangadi\\amazon -clon\\amazon-api-clone\\client\\functions\\node_modules\\firebase-functions\\lib\\v1\\index.js"} {"metadata":{"emulator":{"name":"functions"},"function":{"name":"us-central1-api"},"extension":{},"message":"[runtime-status] [17892] Resolved module firebase-functions {\"declared\":true,\"installed\":true,\"version\":\"4.7.0\",\"resolution\":\"C:\\\\Users\\\\user\\\\Desktop\\\\Evangadi\\\\amazon -clon\\\\amazon-api-clone\\\\client\\\\functions\\\\node_modules\\\\firebase-functions\\\\lib\\\\v1\\\\index.js\"}"}}
[debug] [2024-02-17T03:39:37.258Z] [runtime-status] [17892] Checked functions.config() {"config":{}} {"metadata":{"emulator":{"name":"functions"},"function":{"name":"us-central1-api"},"extension":{},"message":"[runtime-status] [17892] Checked functions.config() {\"config\":{}}"}}
[debug] [2024-02-17T03:39:37.260Z] [runtime-status] [17892] firebase-functions has been stubbed. {"functionsResolution":{"declared":true,"installed":true,"version":"4.7.0","resolution":"C:\\Users\\user\\Desktop\\Evangadi\\amazon -clon\\amazon-api-clone\\client\\functions\\node_modules\\firebase-functions\\lib\\v1\\index.js"}} {"metadata":{"emulator":{"name":"functions"},"function":{"name":"us-central1-api"},"extension":{},"message":"[runtime-status] [17892] firebase-functions has been stubbed. {\"functionsResolution\":{\"declared\":true,\"installed\":true,\"version\":\"4.7.0\",\"resolution\":\"C:\\\\Users\\\\user\\\\Desktop\\\\Evangadi\\\\amazon -clon\\\\amazon-api-clone\\\\client\\\\functions\\\\node_modules\\\\firebase-functions\\\\lib\\\\v1\\\\index.js\"}}"}}
[debug] [2024-02-17T03:39:37.265Z] [runtime-status] [17892] Resolved module firebase-functions {"declared":true,"installed":true,"version":"4.7.0","resolution":"C:\\Users\\user\\Desktop\\Evangadi\\amazon -clon\\amazon-api-clone\\client\\functions\\node_modules\\firebase-functions\\lib\\v1\\index.js"} {"metadata":{"emulator":{"name":"functions"},"function":{"name":"us-central1-api"},"extension":{},"message":"[runtime-status] [17892] Resolved module firebase-functions {\"declared\":true,\"installed\":true,\"version\":\"4.7.0\",\"resolution\":\"C:\\\\Users\\\\user\\\\Desktop\\\\Evangadi\\\\amazon -clon\\\\amazon-api-clone\\\\client\\\\functions\\\\node_modules\\\\firebase-functions\\\\lib\\\\v1\\\\index.js\"}"}}
[debug] [2024-02-17T03:39:37.272Z] [runtime-status] [17892] Resolved module firebase-admin {"declared":true,"installed":true,"version":"11.11.1","resolution":"C:\\Users\\user\\Desktop\\Evangadi\\amazon -clon\\amazon-api-clone\\client\\functions\\node_modules\\firebase-admin\\lib\\index.js"} {"metadata":{"emulator":{"name":"functions"},"function":{"name":"us-central1-api"},"extension":{},"message":"[runtime-status] [17892] Resolved module firebase-admin {\"declared\":true,\"installed\":true,\"version\":\"11.11.1\",\"resolution\":\"C:\\\\Users\\\\user\\\\Desktop\\\\Evangadi\\\\amazon -clon\\\\amazon-api-clone\\\\client\\\\functions\\\\node_modules\\\\firebase-admin\\\\lib\\\\index.js\"}"}}
[debug] [2024-02-17T03:39:37.387Z] [runtime-status] [17892] Resolved module firebase-functions {"declared":true,"installed":true,"version":"4.7.0","resolution":"C:\\Users\\user\\Desktop\\Evangadi\\amazon -clon\\amazon-api-clone\\client\\functions\\node_modules\\firebase-functions\\lib\\v1\\index.js"} {"metadata":{"emulator":{"name":"functions"},"function":{"name":"us-central1-api"},"extension":{},"message":"[runtime-status] [17892] Resolved module firebase-functions {\"declared\":true,\"installed\":true,\"version\":\"4.7.0\",\"resolution\":\"C:\\\\Users\\\\user\\\\Desktop\\\\Evangadi\\\\amazon -clon\\\\amazon-api-clone\\\\client\\\\functions\\\\node_modules\\\\firebase-functions\\\\lib\\\\v1\\\\index.js\"}"}}
[debug] [2024-02-17T03:39:37.389Z] [runtime-status] [17892] firebase-admin has been stubbed. {"adminResolution":{"declared":true,"installed":true,"version":"11.11.1","resolution":"C:\\Users\\user\\Desktop\\Evangadi\\amazon -clon\\amazon-api-clone\\client\\functions\\node_modules\\firebase-admin\\lib\\index.js"}} {"metadata":{"emulator":{"name":"functions"},"function":{"name":"us-central1-api"},"extension":{},"message":"[runtime-status] [17892] firebase-admin has been stubbed. {\"adminResolution\":{\"declared\":true,\"installed\":true,\"version\":\"11.11.1\",\"resolution\":\"C:\\\\Users\\\\user\\\\Desktop\\\\Evangadi\\\\amazon -clon\\\\amazon-api-clone\\\\client\\\\functions\\\\node_modules\\\\firebase-admin\\\\lib\\\\index.js\"}}"}}
[debug] [2024-02-17T03:39:43.372Z] [runtime-status] [17892] Functions runtime initialized. {"cwd":"C:\\Users\\user\\Desktop\\Evangadi\\amazon -clon\\amazon-api-clone\\client\\functions","node_version":"21.4.0"} {"metadata":{"emulator":{"name":"functions"},"function":{"name":"us-central1-api"},"extension":{},"message":"[runtime-status] [17892] Functions runtime initialized. {\"cwd\":\"C:\\\\Users\\\\user\\\\Desktop\\\\Evangadi\\\\amazon -clon\\\\amazon-api-clone\\\\client\\\\functions\",\"node_version\":\"21.4.0\"}"}}
[debug] [2024-02-17T03:39:43.384Z] [runtime-status] [17892] Listening to port: \\?\pipe\fire_emu_26bbfc0e22ec5257 {"metadata":{"emulator":{"name":"functions"},"function":{"name":"us-central1-api"},"extension":{},"message":"[runtime-status] [17892] Listening to port: \\\\?\\pipe\\fire_emu_26bbfc0e22ec5257"}}
[debug] [2024-02-17T03:40:03.811Z] File C:\Users\user\Desktop\Evangadi\amazon -clon\amazon-api-clone\client\functions\index.js changed, reloading triggers {"metadata":{"emulator":{"name":"functions"},"message":"File C:\\Users\\user\\Desktop\\Evangadi\\amazon -clon\\amazon-api-clone\\client\\functions\\index.js changed, reloading triggers"}}
[debug] [2024-02-17T03:40:04.821Z] Validating nodejs source
[debug] [2024-02-17T03:40:15.074Z] checkFunctionsSDKVersion was unable to fetch information from NPM Error: spawnSync C:\Windows\system32\cmd.exe ETIMEDOUT
    at Object.spawnSync (node:internal/child_process:1124:20)
    at Object.spawnSync (node:child_process:876:24)
    at Function.spawnSync [as sync] (C:\Users\user\AppData\Roaming\npm\node_modules\firebase-tools\node_modules\cross-spawn\index.js:26:23)
    at Object.getLatestSDKVersion (C:\Users\user\AppData\Roaming\npm\node_modules\firebase-tools\lib\deploy\functions\runtimes\node\versioning.js:54:25)
    at Object.checkFunctionsSDKVersion (C:\Users\user\AppData\Roaming\npm\node_modules\firebase-tools\lib\deploy\functions\runtimes\node\versioning.js:74:32)
    at Delegate.validate (C:\Users\user\AppData\Roaming\npm\node_modules\firebase-tools\lib\deploy\functions\runtimes\node\index.js:84:20)
    at FunctionsEmulator.discoverTriggers (C:\Users\user\AppData\Roaming\npm\node_modules\firebase-tools\lib\emulator\functionsEmulator.js:296:35)
    at async FunctionsEmulator.loadTriggers (C:\Users\user\AppData\Roaming\npm\node_modules\firebase-tools\lib\emulator\functionsEmulator.js:325:34)
[debug] [2024-02-17T03:40:15.077Z] > [functions] package.json contents: {
  "name": "functions",
  "description": "Cloud Functions for Firebase",
  "scripts": {
    "serve": "firebase emulators:start --only functions",
    "shell": "firebase functions:shell",
    "start": "npm run shell",
    "deploy": "firebase deploy --only functions",
    "logs": "firebase functions:log"
  },
  "engines": {
    "node": "18"
  },
  "main": "index.js",
  "dependencies": {
    "cors": "^2.8.5",
    "dotenv": "^16.4.4",
    "express": "^4.18.2",
    "firebase-admin": "^11.8.0",
    "firebase-functions": "^4.3.1",
    "stripe": "^14.16.0"
  },
  "devDependencies": {
    "firebase-functions-test": "^3.1.0"
  },
  "private": true
}
[debug] [2024-02-17T03:40:15.077Z] Building nodejs source
[debug] [2024-02-17T03:40:15.078Z] Failed to find version of module node: reached end of search path C:\Users\user\Desktop\Evangadi\amazon -clon\amazon-api-clone\client\functions\node_modules
[warn] !  functions: Your requested "node" version "18" doesn't match your global version "21". Using node@21 from host. 
[info] i  functions: Loaded environment variables from .env. 
[debug] [2024-02-17T03:40:15.091Z] Could not find functions.yaml. Must use http discovery
[debug] [2024-02-17T03:40:15.195Z] Found firebase-functions binary at 'C:\Users\user\Desktop\Evangadi\amazon -clon\amazon-api-clone\client\functions\node_modules\.bin\firebase-functions'
[info] Serving at port 8775

[debug] [2024-02-17T03:40:19.745Z] Got response from /__/functions.yaml {"endpoints":{"api":{"availableMemoryMb":null,"timeoutSeconds":null,"minInstances":null,"maxInstances":null,"ingressSettings":null,"concurrency":null,"serviceAccountEmail":null,"vpc":null,"platform":"gcfv2","labels":{},"httpsTrigger":{},"entryPoint":"api"}},"specVersion":"v1alpha1","requiredAPIs":[]}
[info] +  functions: Loaded functions definitions from source: api. {"metadata":{"emulator":{"name":"functions"},"message":"Loaded functions definitions from source: api."}}
[debug] [2024-02-17T03:42:01.382Z] [work-queue] {"queuedWork":["/clone-775f8/us-central1/api/payment/create-2024-02-17T03:42:01.382Z"],"queueLength":1,"runningWork":[],"workRunningCount":0}
[debug] [2024-02-17T03:42:01.383Z] [work-queue] {"queuedWork":[],"queueLength":0,"runningWork":["/clone-775f8/us-central1/api/payment/create-2024-02-17T03:42:01.382Z"],"workRunningCount":1}
[debug] [2024-02-17T03:42:01.384Z] Accepted request POST /clone-775f8/us-central1/api/payment/create?total=300 --> us-central1-api
[debug] [2024-02-17T03:42:01.394Z] [functions] Runtime ready! Sending request! {"metadata":{"emulator":{"name":"functions"},"message":"[functions] Runtime ready! Sending request!"}}
[debug] [2024-02-17T03:42:01.395Z] [functions] Got req.url=/clone-775f8/us-central1/api/payment/create?total=300, mapping to path=/payment/create?total=300 {"metadata":{"emulator":{"name":"functions"},"message":"[functions] Got req.url=/clone-775f8/us-central1/api/payment/create?total=300, mapping to path=/payment/create?total=300"}}
[info] i  functions: Loaded environment variables from .env. 
[debug] [2024-02-17T03:42:01.432Z] [worker-pool] addWorker(us-central1-api) {"metadata":{"emulator":{"name":"functions"},"message":"[worker-pool] addWorker(us-central1-api)"}}
[debug] [2024-02-17T03:42:01.435Z] [worker-pool] Adding worker with key us-central1-api, total=2 {"metadata":{"emulator":{"name":"functions"},"message":"[worker-pool] Adding worker with key us-central1-api, total=2"}}
[info] >  (node:14952) [DEP0040] DeprecationWarning: The `punycode` module is deprecated. Please use a userland alternative instead. {"user":"(node:14952) [DEP0040] DeprecationWarning: The `punycode` module is deprecated. Please use a userland alternative instead.","metadata":{"emulator":{"name":"functions"},"function":{"name":"us-central1-api"},"extension":{},"message":"\u001b[90m> \u001b[39m (node:14952) [DEP0040] DeprecationWarning: The `punycode` module is deprecated. Please use a userland alternative instead."}}
[info] >  (Use `node --trace-deprecation ...` to show where the warning was created) {"user":"(Use `node --trace-deprecation ...` to show where the warning was created)","metadata":{"emulator":{"name":"functions"},"function":{"name":"us-central1-api"},"extension":{},"message":"\u001b[90m> \u001b[39m (Use `node --trace-deprecation ...` to show where the warning was created)"}}
[debug] [2024-02-17T03:42:12.949Z] [runtime-status] [14952] Resolved module firebase-admin {"declared":true,"installed":true,"version":"11.11.1","resolution":"C:\\Users\\user\\Desktop\\Evangadi\\amazon -clon\\amazon-api-clone\\client\\functions\\node_modules\\firebase-admin\\lib\\index.js"} {"metadata":{"emulator":{"name":"functions"},"function":{"name":"us-central1-api"},"extension":{},"message":"[runtime-status] [14952] Resolved module firebase-admin {\"declared\":true,\"installed\":true,\"version\":\"11.11.1\",\"resolution\":\"C:\\\\Users\\\\user\\\\Desktop\\\\Evangadi\\\\amazon -clon\\\\amazon-api-clone\\\\client\\\\functions\\\\node_modules\\\\firebase-admin\\\\lib\\\\index.js\"}"}}
[debug] [2024-02-17T03:42:12.977Z] [runtime-status] [14952] Resolved module firebase-functions {"declared":true,"installed":true,"version":"4.7.0","resolution":"C:\\Users\\user\\Desktop\\Evangadi\\amazon -clon\\amazon-api-clone\\client\\functions\\node_modules\\firebase-functions\\lib\\v1\\index.js"} {"metadata":{"emulator":{"name":"functions"},"function":{"name":"us-central1-api"},"extension":{},"message":"[runtime-status] [14952] Resolved module firebase-functions {\"declared\":true,\"installed\":true,\"version\":\"4.7.0\",\"resolution\":\"C:\\\\Users\\\\user\\\\Desktop\\\\Evangadi\\\\amazon -clon\\\\amazon-api-clone\\\\client\\\\functions\\\\node_modules\\\\firebase-functions\\\\lib\\\\v1\\\\index.js\"}"}}
[debug] [2024-02-17T03:42:12.991Z] [runtime-status] [14952] Outgoing network have been stubbed. [{"name":"http","status":"mocked"},{"name":"http","status":"mocked"},{"name":"https","status":"mocked"},{"name":"https","status":"mocked"},{"name":"net","status":"mocked"}] {"metadata":{"emulator":{"name":"functions"},"function":{"name":"us-central1-api"},"extension":{},"message":"[runtime-status] [14952] Outgoing network have been stubbed. [{\"name\":\"http\",\"status\":\"mocked\"},{\"name\":\"http\",\"status\":\"mocked\"},{\"name\":\"https\",\"status\":\"mocked\"},{\"name\":\"https\",\"status\":\"mocked\"},{\"name\":\"net\",\"status\":\"mocked\"}]"}}
[debug] [2024-02-17T03:42:13.012Z] [runtime-status] [14952] Resolved module firebase-functions {"declared":true,"installed":true,"version":"4.7.0","resolution":"C:\\Users\\user\\Desktop\\Evangadi\\amazon -clon\\amazon-api-clone\\client\\functions\\node_modules\\firebase-functions\\lib\\v1\\index.js"} {"metadata":{"emulator":{"name":"functions"},"function":{"name":"us-central1-api"},"extension":{},"message":"[runtime-status] [14952] Resolved module firebase-functions {\"declared\":true,\"installed\":true,\"version\":\"4.7.0\",\"resolution\":\"C:\\\\Users\\\\user\\\\Desktop\\\\Evangadi\\\\amazon -clon\\\\amazon-api-clone\\\\client\\\\functions\\\\node_modules\\\\firebase-functions\\\\lib\\\\v1\\\\index.js\"}"}}
[debug] [2024-02-17T03:42:14.822Z] [runtime-status] [14952] Checked functions.config() {"config":{}} {"metadata":{"emulator":{"name":"functions"},"function":{"name":"us-central1-api"},"extension":{},"message":"[runtime-status] [14952] Checked functions.config() {\"config\":{}}"}}
[debug] [2024-02-17T03:42:14.823Z] [runtime-status] [14952] firebase-functions has been stubbed. {"functionsResolution":{"declared":true,"installed":true,"version":"4.7.0","resolution":"C:\\Users\\user\\Desktop\\Evangadi\\amazon -clon\\amazon-api-clone\\client\\functions\\node_modules\\firebase-functions\\lib\\v1\\index.js"}} {"metadata":{"emulator":{"name":"functions"},"function":{"name":"us-central1-api"},"extension":{},"message":"[runtime-status] [14952] firebase-functions has been stubbed. {\"functionsResolution\":{\"declared\":true,\"installed\":true,\"version\":\"4.7.0\",\"resolution\":\"C:\\\\Users\\\\user\\\\Desktop\\\\Evangadi\\\\amazon -clon\\\\amazon-api-clone\\\\client\\\\functions\\\\node_modules\\\\firebase-functions\\\\lib\\\\v1\\\\index.js\"}}"}}
[debug] [2024-02-17T03:42:14.830Z] [runtime-status] [14952] Resolved module firebase-functions {"declared":true,"installed":true,"version":"4.7.0","resolution":"C:\\Users\\user\\Desktop\\Evangadi\\amazon -clon\\amazon-api-clone\\client\\functions\\node_modules\\firebase-functions\\lib\\v1\\index.js"} {"metadata":{"emulator":{"name":"functions"},"function":{"name":"us-central1-api"},"extension":{},"message":"[runtime-status] [14952] Resolved module firebase-functions {\"declared\":true,\"installed\":true,\"version\":\"4.7.0\",\"resolution\":\"C:\\\\Users\\\\user\\\\Desktop\\\\Evangadi\\\\amazon -clon\\\\amazon-api-clone\\\\client\\\\functions\\\\node_modules\\\\firebase-functions\\\\lib\\\\v1\\\\index.js\"}"}}
[debug] [2024-02-17T03:42:14.838Z] [runtime-status] [14952] Resolved module firebase-admin {"declared":true,"installed":true,"version":"11.11.1","resolution":"C:\\Users\\user\\Desktop\\Evangadi\\amazon -clon\\amazon-api-clone\\client\\functions\\node_modules\\firebase-admin\\lib\\index.js"} {"metadata":{"emulator":{"name":"functions"},"function":{"name":"us-central1-api"},"extension":{},"message":"[runtime-status] [14952] Resolved module firebase-admin {\"declared\":true,\"installed\":true,\"version\":\"11.11.1\",\"resolution\":\"C:\\\\Users\\\\user\\\\Desktop\\\\Evangadi\\\\amazon -clon\\\\amazon-api-clone\\\\client\\\\functions\\\\node_modules\\\\firebase-admin\\\\lib\\\\index.js\"}"}}
[debug] [2024-02-17T03:42:14.847Z] [runtime-status] [14952] Resolved module firebase-functions {"declared":true,"installed":true,"version":"4.7.0","resolution":"C:\\Users\\user\\Desktop\\Evangadi\\amazon -clon\\amazon-api-clone\\client\\functions\\node_modules\\firebase-functions\\lib\\v1\\index.js"} {"metadata":{"emulator":{"name":"functions"},"function":{"name":"us-central1-api"},"extension":{},"message":"[runtime-status] [14952] Resolved module firebase-functions {\"declared\":true,\"installed\":true,\"version\":\"4.7.0\",\"resolution\":\"C:\\\\Users\\\\user\\\\Desktop\\\\Evangadi\\\\amazon -clon\\\\amazon-api-clone\\\\client\\\\functions\\\\node_modules\\\\firebase-functions\\\\lib\\\\v1\\\\index.js\"}"}}
[debug] [2024-02-17T03:42:14.849Z] [runtime-status] [14952] firebase-admin has been stubbed. {"adminResolution":{"declared":true,"installed":true,"version":"11.11.1","resolution":"C:\\Users\\user\\Desktop\\Evangadi\\amazon -clon\\amazon-api-clone\\client\\functions\\node_modules\\firebase-admin\\lib\\index.js"}} {"metadata":{"emulator":{"name":"functions"},"function":{"name":"us-central1-api"},"extension":{},"message":"[runtime-status] [14952] firebase-admin has been stubbed. {\"adminResolution\":{\"declared\":true,\"installed\":true,\"version\":\"11.11.1\",\"resolution\":\"C:\\\\Users\\\\user\\\\Desktop\\\\Evangadi\\\\amazon -clon\\\\amazon-api-clone\\\\client\\\\functions\\\\node_modules\\\\firebase-admin\\\\lib\\\\index.js\"}}"}}
[debug] [2024-02-17T03:42:16.251Z] [runtime-status] [14952] Functions runtime initialized. {"cwd":"C:\\Users\\user\\Desktop\\Evangadi\\amazon -clon\\amazon-api-clone\\client\\functions","node_version":"21.4.0"} {"metadata":{"emulator":{"name":"functions"},"function":{"name":"us-central1-api"},"extension":{},"message":"[runtime-status] [14952] Functions runtime initialized. {\"cwd\":\"C:\\\\Users\\\\user\\\\Desktop\\\\Evangadi\\\\amazon -clon\\\\amazon-api-clone\\\\client\\\\functions\",\"node_version\":\"21.4.0\"}"}}
[debug] [2024-02-17T03:42:16.256Z] [runtime-status] [14952] Listening to port: \\?\pipe\fire_emu_be040c8cb59d3c12 {"metadata":{"emulator":{"name":"functions"},"function":{"name":"us-central1-api"},"extension":{},"message":"[runtime-status] [14952] Listening to port: \\\\?\\pipe\\fire_emu_be040c8cb59d3c12"}}
[debug] [2024-02-17T03:42:16.328Z] [worker-us-central1-api-b67035d0-df37-485b-9b33-9e08821b31fe]: IDLE {"metadata":{"emulator":{"name":"functions"},"function":{"name":"us-central1-api"},"extension":{},"message":"[worker-us-central1-api-b67035d0-df37-485b-9b33-9e08821b31fe]: IDLE"}}
[debug] [2024-02-17T03:42:16.329Z] [worker-pool] submitRequest(triggerId=us-central1-api) {"metadata":{"emulator":{"name":"functions"},"message":"[worker-pool] submitRequest(triggerId=us-central1-api)"}}
[info] i  functions: Beginning execution of "us-central1-api" {"metadata":{"emulator":{"name":"functions"},"function":{"name":"us-central1-api"},"extension":{},"message":"Beginning execution of \"us-central1-api\""}}
[debug] [2024-02-17T03:42:16.373Z] [worker-us-central1-api-b67035d0-df37-485b-9b33-9e08821b31fe]: BUSY {"metadata":{"emulator":{"name":"functions"},"function":{"name":"us-central1-api"},"extension":{},"message":"[worker-us-central1-api-b67035d0-df37-485b-9b33-9e08821b31fe]: BUSY"}}
[info] >  pi_3OkenBDeWRJqZjuI4CXrNkwZ_secret_JarXfA2LaGYPoGSBfPBNfBAfq {"user":"pi_3OkenBDeWRJqZjuI4CXrNkwZ_secret_JarXfA2LaGYPoGSBfPBNfBAfq","metadata":{"emulator":{"name":"functions"},"function":{"name":"us-central1-api"},"extension":{},"message":"\u001b[90m> \u001b[39m pi_3OkenBDeWRJqZjuI4CXrNkwZ_secret_JarXfA2LaGYPoGSBfPBNfBAfq"}}
[debug] [2024-02-17T03:42:21.740Z] Finishing up request with event=pause {"metadata":{"emulator":{"name":"functions"},"function":{"name":"us-central1-api"},"extension":{},"message":"Finishing up request with event=pause"}}
[info] i  functions: Finished "us-central1-api" in 5368.3022ms {"metadata":{"emulator":{"name":"functions"},"function":{"name":"us-central1-api"},"extension":{},"message":"Finished \"us-central1-api\" in 5368.3022ms"}}
[debug] [2024-02-17T03:42:21.743Z] [worker-us-central1-api-b67035d0-df37-485b-9b33-9e08821b31fe]: IDLE {"metadata":{"emulator":{"name":"functions"},"function":{"name":"us-central1-api"},"extension":{},"message":"[worker-us-central1-api-b67035d0-df37-485b-9b33-9e08821b31fe]: IDLE"}}
[debug] [2024-02-17T03:42:21.744Z] Finishing up request with event=finish {"metadata":{"emulator":{"name":"functions"},"function":{"name":"us-central1-api"},"extension":{},"message":"Finishing up request with event=finish"}}
[debug] [2024-02-17T03:42:21.745Z] Finishing up request with event=close {"metadata":{"emulator":{"name":"functions"},"function":{"name":"us-central1-api"},"extension":{},"message":"Finishing up request with event=close"}}
[debug] [2024-02-17T03:42:21.745Z] [work-queue] {"queuedWork":[],"queueLength":0,"runningWork":[],"workRunningCount":0}
[debug] [2024-02-17T03:45:27.132Z] [work-queue] {"queuedWork":["/clone-775f8/us-central1/api/payment/create-2024-02-17T03:45:27.132Z"],"queueLength":1,"runningWork":[],"workRunningCount":0}
[debug] [2024-02-17T03:45:27.133Z] [work-queue] {"queuedWork":[],"queueLength":0,"runningWork":["/clone-775f8/us-central1/api/payment/create-2024-02-17T03:45:27.132Z"],"workRunningCount":1}
[debug] [2024-02-17T03:45:27.133Z] Accepted request POST /clone-775f8/us-central1/api/payment/create?total=8694 --> us-central1-api
[debug] [2024-02-17T03:45:27.143Z] [functions] Runtime ready! Sending request! {"metadata":{"emulator":{"name":"functions"},"message":"[functions] Runtime ready! Sending request!"}}
[debug] [2024-02-17T03:45:27.144Z] [functions] Got req.url=/clone-775f8/us-central1/api/payment/create?total=8694, mapping to path=/payment/create?total=8694 {"metadata":{"emulator":{"name":"functions"},"message":"[functions] Got req.url=/clone-775f8/us-central1/api/payment/create?total=8694, mapping to path=/payment/create?total=8694"}}
[debug] [2024-02-17T03:45:27.145Z] [worker-pool] submitRequest(triggerId=us-central1-api) {"metadata":{"emulator":{"name":"functions"},"message":"[worker-pool] submitRequest(triggerId=us-central1-api)"}}
[info] i  functions: Beginning execution of "us-central1-api" {"metadata":{"emulator":{"name":"functions"},"function":{"name":"us-central1-api"},"extension":{},"message":"Beginning execution of \"us-central1-api\""}}
[debug] [2024-02-17T03:45:27.182Z] [worker-us-central1-api-b67035d0-df37-485b-9b33-9e08821b31fe]: BUSY {"metadata":{"emulator":{"name":"functions"},"function":{"name":"us-central1-api"},"extension":{},"message":"[worker-us-central1-api-b67035d0-df37-485b-9b33-9e08821b31fe]: BUSY"}}
[info] >  pi_3OkeqBDeWRJqZjuI45MJQgs5_secret_MuPIJITsOJdnTdtaLdINy6S0G {"user":"pi_3OkeqBDeWRJqZjuI45MJQgs5_secret_MuPIJITsOJdnTdtaLdINy6S0G","metadata":{"emulator":{"name":"functions"},"function":{"name":"us-central1-api"},"extension":{},"message":"\u001b[90m> \u001b[39m pi_3OkeqBDeWRJqZjuI45MJQgs5_secret_MuPIJITsOJdnTdtaLdINy6S0G"}}
[debug] [2024-02-17T03:45:27.680Z] Finishing up request with event=pause {"metadata":{"emulator":{"name":"functions"},"function":{"name":"us-central1-api"},"extension":{},"message":"Finishing up request with event=pause"}}
[info] i  functions: Finished "us-central1-api" in 497.6271ms {"metadata":{"emulator":{"name":"functions"},"function":{"name":"us-central1-api"},"extension":{},"message":"Finished \"us-central1-api\" in 497.6271ms"}}
[debug] [2024-02-17T03:45:27.682Z] [worker-us-central1-api-b67035d0-df37-485b-9b33-9e08821b31fe]: IDLE {"metadata":{"emulator":{"name":"functions"},"function":{"name":"us-central1-api"},"extension":{},"message":"[worker-us-central1-api-b67035d0-df37-485b-9b33-9e08821b31fe]: IDLE"}}
[debug] [2024-02-17T03:45:27.683Z] Finishing up request with event=finish {"metadata":{"emulator":{"name":"functions"},"function":{"name":"us-central1-api"},"extension":{},"message":"Finishing up request with event=finish"}}
[debug] [2024-02-17T03:45:27.683Z] Finishing up request with event=close {"metadata":{"emulator":{"name":"functions"},"function":{"name":"us-central1-api"},"extension":{},"message":"Finishing up request with event=close"}}
[debug] [2024-02-17T03:45:27.684Z] [work-queue] {"queuedWork":[],"queueLength":0,"runningWork":[],"workRunningCount":0}
[debug] [2024-02-17T03:49:50.867Z] [work-queue] {"queuedWork":["/clone-775f8/us-central1/api/payment/create-2024-02-17T03:49:50.865Z"],"queueLength":1,"runningWork":[],"workRunningCount":0}
[debug] [2024-02-17T03:49:50.868Z] [work-queue] {"queuedWork":[],"queueLength":0,"runningWork":["/clone-775f8/us-central1/api/payment/create-2024-02-17T03:49:50.865Z"],"workRunningCount":1}
[debug] [2024-02-17T03:49:50.872Z] Accepted request POST /clone-775f8/us-central1/api/payment/create?total=1599 --> us-central1-api
[debug] [2024-02-17T03:49:50.881Z] [functions] Runtime ready! Sending request! {"metadata":{"emulator":{"name":"functions"},"message":"[functions] Runtime ready! Sending request!"}}
[debug] [2024-02-17T03:49:50.881Z] [functions] Got req.url=/clone-775f8/us-central1/api/payment/create?total=1599, mapping to path=/payment/create?total=1599 {"metadata":{"emulator":{"name":"functions"},"message":"[functions] Got req.url=/clone-775f8/us-central1/api/payment/create?total=1599, mapping to path=/payment/create?total=1599"}}
[debug] [2024-02-17T03:49:50.882Z] [worker-pool] submitRequest(triggerId=us-central1-api) {"metadata":{"emulator":{"name":"functions"},"message":"[worker-pool] submitRequest(triggerId=us-central1-api)"}}
[info] i  functions: Beginning execution of "us-central1-api" {"metadata":{"emulator":{"name":"functions"},"function":{"name":"us-central1-api"},"extension":{},"message":"Beginning execution of \"us-central1-api\""}}
[debug] [2024-02-17T03:49:50.892Z] [worker-us-central1-api-b67035d0-df37-485b-9b33-9e08821b31fe]: BUSY {"metadata":{"emulator":{"name":"functions"},"function":{"name":"us-central1-api"},"extension":{},"message":"[worker-us-central1-api-b67035d0-df37-485b-9b33-9e08821b31fe]: BUSY"}}
[info] >  pi_3OkeuRDeWRJqZjuI0Pcty0No_secret_EDT8VUvTCt94xzho46Ty1QL1w {"user":"pi_3OkeuRDeWRJqZjuI0Pcty0No_secret_EDT8VUvTCt94xzho46Ty1QL1w","metadata":{"emulator":{"name":"functions"},"function":{"name":"us-central1-api"},"extension":{},"message":"\u001b[90m> \u001b[39m pi_3OkeuRDeWRJqZjuI0Pcty0No_secret_EDT8VUvTCt94xzho46Ty1QL1w"}}
[debug] [2024-02-17T03:49:51.367Z] Finishing up request with event=pause {"metadata":{"emulator":{"name":"functions"},"function":{"name":"us-central1-api"},"extension":{},"message":"Finishing up request with event=pause"}}
[info] i  functions: Finished "us-central1-api" in 475.1996ms {"metadata":{"emulator":{"name":"functions"},"function":{"name":"us-central1-api"},"extension":{},"message":"Finished \"us-central1-api\" in 475.1996ms"}}
[debug] [2024-02-17T03:49:51.371Z] [worker-us-central1-api-b67035d0-df37-485b-9b33-9e08821b31fe]: IDLE {"metadata":{"emulator":{"name":"functions"},"function":{"name":"us-central1-api"},"extension":{},"message":"[worker-us-central1-api-b67035d0-df37-485b-9b33-9e08821b31fe]: IDLE"}}
[debug] [2024-02-17T03:49:51.371Z] Finishing up request with event=finish {"metadata":{"emulator":{"name":"functions"},"function":{"name":"us-central1-api"},"extension":{},"message":"Finishing up request with event=finish"}}
[debug] [2024-02-17T03:49:51.372Z] Finishing up request with event=close {"metadata":{"emulator":{"name":"functions"},"function":{"name":"us-central1-api"},"extension":{},"message":"Finishing up request with event=close"}}
[debug] [2024-02-17T03:49:51.373Z] [work-queue] {"queuedWork":[],"queueLength":0,"runningWork":[],"workRunningCount":0}
[debug] [2024-02-17T03:57:40.339Z] [work-queue] {"queuedWork":["/clone-775f8/us-central1/api/payment/create-2024-02-17T03:57:40.339Z"],"queueLength":1,"runningWork":[],"workRunningCount":0}
[debug] [2024-02-17T03:57:40.340Z] [work-queue] {"queuedWork":[],"queueLength":0,"runningWork":["/clone-775f8/us-central1/api/payment/create-2024-02-17T03:57:40.339Z"],"workRunningCount":1}
[debug] [2024-02-17T03:57:40.340Z] Accepted request POST /clone-775f8/us-central1/api/payment/create?total=69500 --> us-central1-api
[debug] [2024-02-17T03:57:40.347Z] [functions] Runtime ready! Sending request! {"metadata":{"emulator":{"name":"functions"},"message":"[functions] Runtime ready! Sending request!"}}
[debug] [2024-02-17T03:57:40.348Z] [functions] Got req.url=/clone-775f8/us-central1/api/payment/create?total=69500, mapping to path=/payment/create?total=69500 {"metadata":{"emulator":{"name":"functions"},"message":"[functions] Got req.url=/clone-775f8/us-central1/api/payment/create?total=69500, mapping to path=/payment/create?total=69500"}}
[debug] [2024-02-17T03:57:40.348Z] [worker-pool] submitRequest(triggerId=us-central1-api) {"metadata":{"emulator":{"name":"functions"},"message":"[worker-pool] submitRequest(triggerId=us-central1-api)"}}
[info] i  functions: Beginning execution of "us-central1-api" {"metadata":{"emulator":{"name":"functions"},"function":{"name":"us-central1-api"},"extension":{},"message":"Beginning execution of \"us-central1-api\""}}
[debug] [2024-02-17T03:57:40.361Z] [worker-us-central1-api-b67035d0-df37-485b-9b33-9e08821b31fe]: BUSY {"metadata":{"emulator":{"name":"functions"},"function":{"name":"us-central1-api"},"extension":{},"message":"[worker-us-central1-api-b67035d0-df37-485b-9b33-9e08821b31fe]: BUSY"}}
[info] >  pi_3Okf20DeWRJqZjuI3Cm6ZMwk_secret_ZrV2QWyDM6JPb2Tr5lsAyeUTu {"user":"pi_3Okf20DeWRJqZjuI3Cm6ZMwk_secret_ZrV2QWyDM6JPb2Tr5lsAyeUTu","metadata":{"emulator":{"name":"functions"},"function":{"name":"us-central1-api"},"extension":{},"message":"\u001b[90m> \u001b[39m pi_3Okf20DeWRJqZjuI3Cm6ZMwk_secret_ZrV2QWyDM6JPb2Tr5lsAyeUTu"}}
[debug] [2024-02-17T03:57:40.815Z] Finishing up request with event=pause {"metadata":{"emulator":{"name":"functions"},"function":{"name":"us-central1-api"},"extension":{},"message":"Finishing up request with event=pause"}}
[info] i  functions: Finished "us-central1-api" in 454.3175ms {"metadata":{"emulator":{"name":"functions"},"function":{"name":"us-central1-api"},"extension":{},"message":"Finished \"us-central1-api\" in 454.3175ms"}}
[debug] [2024-02-17T03:57:40.818Z] [worker-us-central1-api-b67035d0-df37-485b-9b33-9e08821b31fe]: IDLE {"metadata":{"emulator":{"name":"functions"},"function":{"name":"us-central1-api"},"extension":{},"message":"[worker-us-central1-api-b67035d0-df37-485b-9b33-9e08821b31fe]: IDLE"}}
[debug] [2024-02-17T03:57:40.819Z] Finishing up request with event=finish {"metadata":{"emulator":{"name":"functions"},"function":{"name":"us-central1-api"},"extension":{},"message":"Finishing up request with event=finish"}}
[debug] [2024-02-17T03:57:40.819Z] Finishing up request with event=close {"metadata":{"emulator":{"name":"functions"},"function":{"name":"us-central1-api"},"extension":{},"message":"Finishing up request with event=close"}}
[debug] [2024-02-17T03:57:40.820Z] [work-queue] {"queuedWork":[],"queueLength":0,"runningWork":[],"workRunningCount":0}
[debug] [2024-02-17T04:37:26.909Z] [work-queue] {"queuedWork":["/clone-775f8/us-central1/api/payment/create-2024-02-17T04:37:26.874Z"],"queueLength":1,"runningWork":[],"workRunningCount":0}
[debug] [2024-02-17T04:37:26.937Z] [work-queue] {"queuedWork":[],"queueLength":0,"runningWork":["/clone-775f8/us-central1/api/payment/create-2024-02-17T04:37:26.874Z"],"workRunningCount":1}
[debug] [2024-02-17T04:37:26.937Z] Accepted request POST /clone-775f8/us-central1/api/payment/create?total=3979.9999999999995 --> us-central1-api
[debug] [2024-02-17T04:37:27.181Z] [functions] Runtime ready! Sending request! {"metadata":{"emulator":{"name":"functions"},"message":"[functions] Runtime ready! Sending request!"}}
[debug] [2024-02-17T04:37:27.182Z] [functions] Got req.url=/clone-775f8/us-central1/api/payment/create?total=3979.9999999999995, mapping to path=/payment/create?total=3979.9999999999995 {"metadata":{"emulator":{"name":"functions"},"message":"[functions] Got req.url=/clone-775f8/us-central1/api/payment/create?total=3979.9999999999995, mapping to path=/payment/create?total=3979.9999999999995"}}
[debug] [2024-02-17T04:37:27.183Z] [worker-pool] submitRequest(triggerId=us-central1-api) {"metadata":{"emulator":{"name":"functions"},"message":"[worker-pool] submitRequest(triggerId=us-central1-api)"}}
[info] i  functions: Beginning execution of "us-central1-api" {"metadata":{"emulator":{"name":"functions"},"function":{"name":"us-central1-api"},"extension":{},"message":"Beginning execution of \"us-central1-api\""}}
[debug] [2024-02-17T04:37:27.204Z] [worker-us-central1-api-b67035d0-df37-485b-9b33-9e08821b31fe]: BUSY {"metadata":{"emulator":{"name":"functions"},"function":{"name":"us-central1-api"},"extension":{},"message":"[worker-us-central1-api-b67035d0-df37-485b-9b33-9e08821b31fe]: BUSY"}}
[info] >  pi_3OkfeYDeWRJqZjuI1XCNIENH_secret_MzqdIvx4mXE5e5v8yi455ergX {"user":"pi_3OkfeYDeWRJqZjuI1XCNIENH_secret_MzqdIvx4mXE5e5v8yi455ergX","metadata":{"emulator":{"name":"functions"},"function":{"name":"us-central1-api"},"extension":{},"message":"\u001b[90m> \u001b[39m pi_3OkfeYDeWRJqZjuI1XCNIENH_secret_MzqdIvx4mXE5e5v8yi455ergX"}}
[debug] [2024-02-17T04:37:30.859Z] Finishing up request with event=pause {"metadata":{"emulator":{"name":"functions"},"function":{"name":"us-central1-api"},"extension":{},"message":"Finishing up request with event=pause"}}
[info] i  functions: Finished "us-central1-api" in 3656.6752ms {"metadata":{"emulator":{"name":"functions"},"function":{"name":"us-central1-api"},"extension":{},"message":"Finished \"us-central1-api\" in 3656.6752ms"}}
[debug] [2024-02-17T04:37:30.891Z] [worker-us-central1-api-b67035d0-df37-485b-9b33-9e08821b31fe]: IDLE {"metadata":{"emulator":{"name":"functions"},"function":{"name":"us-central1-api"},"extension":{},"message":"[worker-us-central1-api-b67035d0-df37-485b-9b33-9e08821b31fe]: IDLE"}}
[debug] [2024-02-17T04:37:30.891Z] Finishing up request with event=finish {"metadata":{"emulator":{"name":"functions"},"function":{"name":"us-central1-api"},"extension":{},"message":"Finishing up request with event=finish"}}
[debug] [2024-02-17T04:37:30.892Z] Finishing up request with event=close {"metadata":{"emulator":{"name":"functions"},"function":{"name":"us-central1-api"},"extension":{},"message":"Finishing up request with event=close"}}
[debug] [2024-02-17T04:37:30.892Z] [work-queue] {"queuedWork":[],"queueLength":0,"runningWork":[],"workRunningCount":0}
[debug] [2024-02-17T04:57:42.279Z] [work-queue] {"queuedWork":["/clone-775f8/us-central1/api/payment/create-2024-02-17T04:57:42.279Z"],"queueLength":1,"runningWork":[],"workRunningCount":0}
[debug] [2024-02-17T04:57:42.293Z] [work-queue] {"queuedWork":[],"queueLength":0,"runningWork":["/clone-775f8/us-central1/api/payment/create-2024-02-17T04:57:42.279Z"],"workRunningCount":1}
[debug] [2024-02-17T04:57:42.294Z] Accepted request POST /clone-775f8/us-central1/api/payment/create?total=22098 --> us-central1-api
[debug] [2024-02-17T04:57:42.335Z] [functions] Runtime ready! Sending request! {"metadata":{"emulator":{"name":"functions"},"message":"[functions] Runtime ready! Sending request!"}}
[debug] [2024-02-17T04:57:42.336Z] [functions] Got req.url=/clone-775f8/us-central1/api/payment/create?total=22098, mapping to path=/payment/create?total=22098 {"metadata":{"emulator":{"name":"functions"},"message":"[functions] Got req.url=/clone-775f8/us-central1/api/payment/create?total=22098, mapping to path=/payment/create?total=22098"}}
[debug] [2024-02-17T04:57:42.354Z] [worker-pool] submitRequest(triggerId=us-central1-api) {"metadata":{"emulator":{"name":"functions"},"message":"[worker-pool] submitRequest(triggerId=us-central1-api)"}}
[info] i  functions: Beginning execution of "us-central1-api" {"metadata":{"emulator":{"name":"functions"},"function":{"name":"us-central1-api"},"extension":{},"message":"Beginning execution of \"us-central1-api\""}}
[debug] [2024-02-17T04:57:42.356Z] [worker-us-central1-api-b67035d0-df37-485b-9b33-9e08821b31fe]: BUSY {"metadata":{"emulator":{"name":"functions"},"function":{"name":"us-central1-api"},"extension":{},"message":"[worker-us-central1-api-b67035d0-df37-485b-9b33-9e08821b31fe]: BUSY"}}
[info] >  pi_3Okfy8DeWRJqZjuI0gngxxGN_secret_g2K827QYfqJMrGCwLgDxc3DQr {"user":"pi_3Okfy8DeWRJqZjuI0gngxxGN_secret_g2K827QYfqJMrGCwLgDxc3DQr","metadata":{"emulator":{"name":"functions"},"function":{"name":"us-central1-api"},"extension":{},"message":"\u001b[90m> \u001b[39m pi_3Okfy8DeWRJqZjuI0gngxxGN_secret_g2K827QYfqJMrGCwLgDxc3DQr"}}
[debug] [2024-02-17T04:57:44.562Z] Finishing up request with event=pause {"metadata":{"emulator":{"name":"functions"},"function":{"name":"us-central1-api"},"extension":{},"message":"Finishing up request with event=pause"}}
[info] i  functions: Finished "us-central1-api" in 2206.0551ms {"metadata":{"emulator":{"name":"functions"},"function":{"name":"us-central1-api"},"extension":{},"message":"Finished \"us-central1-api\" in 2206.0551ms"}}
[debug] [2024-02-17T04:57:44.565Z] [worker-us-central1-api-b67035d0-df37-485b-9b33-9e08821b31fe]: IDLE {"metadata":{"emulator":{"name":"functions"},"function":{"name":"us-central1-api"},"extension":{},"message":"[worker-us-central1-api-b67035d0-df37-485b-9b33-9e08821b31fe]: IDLE"}}
[debug] [2024-02-17T04:57:44.565Z] Finishing up request with event=finish {"metadata":{"emulator":{"name":"functions"},"function":{"name":"us-central1-api"},"extension":{},"message":"Finishing up request with event=finish"}}
[debug] [2024-02-17T04:57:44.566Z] Finishing up request with event=close {"metadata":{"emulator":{"name":"functions"},"function":{"name":"us-central1-api"},"extension":{},"message":"Finishing up request with event=close"}}
[debug] [2024-02-17T04:57:44.567Z] [work-queue] {"queuedWork":[],"queueLength":0,"runningWork":[],"workRunningCount":0}
[debug] [2024-02-17T04:58:15.656Z] [work-queue] {"queuedWork":["/clone-775f8/us-central1/api/payment/create-2024-02-17T04:58:15.656Z"],"queueLength":1,"runningWork":[],"workRunningCount":0}
[debug] [2024-02-17T04:58:15.657Z] [work-queue] {"queuedWork":[],"queueLength":0,"runningWork":["/clone-775f8/us-central1/api/payment/create-2024-02-17T04:58:15.656Z"],"workRunningCount":1}
[debug] [2024-02-17T04:58:15.657Z] Accepted request POST /clone-775f8/us-central1/api/payment/create?total=22098 --> us-central1-api
[debug] [2024-02-17T04:58:15.664Z] [functions] Runtime ready! Sending request! {"metadata":{"emulator":{"name":"functions"},"message":"[functions] Runtime ready! Sending request!"}}
[debug] [2024-02-17T04:58:15.664Z] [functions] Got req.url=/clone-775f8/us-central1/api/payment/create?total=22098, mapping to path=/payment/create?total=22098 {"metadata":{"emulator":{"name":"functions"},"message":"[functions] Got req.url=/clone-775f8/us-central1/api/payment/create?total=22098, mapping to path=/payment/create?total=22098"}}
[debug] [2024-02-17T04:58:15.665Z] [worker-pool] submitRequest(triggerId=us-central1-api) {"metadata":{"emulator":{"name":"functions"},"message":"[worker-pool] submitRequest(triggerId=us-central1-api)"}}
[info] i  functions: Beginning execution of "us-central1-api" {"metadata":{"emulator":{"name":"functions"},"function":{"name":"us-central1-api"},"extension":{},"message":"Beginning execution of \"us-central1-api\""}}
[debug] [2024-02-17T04:58:15.667Z] [worker-us-central1-api-b67035d0-df37-485b-9b33-9e08821b31fe]: BUSY {"metadata":{"emulator":{"name":"functions"},"function":{"name":"us-central1-api"},"extension":{},"message":"[worker-us-central1-api-b67035d0-df37-485b-9b33-9e08821b31fe]: BUSY"}}
[info] >  pi_3OkfyeDeWRJqZjuI1cRkZH7L_secret_BGDsB2BSsWAwj4FBz9WqXf0gH {"user":"pi_3OkfyeDeWRJqZjuI1cRkZH7L_secret_BGDsB2BSsWAwj4FBz9WqXf0gH","metadata":{"emulator":{"name":"functions"},"function":{"name":"us-central1-api"},"extension":{},"message":"\u001b[90m> \u001b[39m pi_3OkfyeDeWRJqZjuI1cRkZH7L_secret_BGDsB2BSsWAwj4FBz9WqXf0gH"}}
[debug] [2024-02-17T04:58:16.098Z] Finishing up request with event=pause {"metadata":{"emulator":{"name":"functions"},"function":{"name":"us-central1-api"},"extension":{},"message":"Finishing up request with event=pause"}}
[info] i  functions: Finished "us-central1-api" in 432.2677ms {"metadata":{"emulator":{"name":"functions"},"function":{"name":"us-central1-api"},"extension":{},"message":"Finished \"us-central1-api\" in 432.2677ms"}}
[debug] [2024-02-17T04:58:16.102Z] [worker-us-central1-api-b67035d0-df37-485b-9b33-9e08821b31fe]: IDLE {"metadata":{"emulator":{"name":"functions"},"function":{"name":"us-central1-api"},"extension":{},"message":"[worker-us-central1-api-b67035d0-df37-485b-9b33-9e08821b31fe]: IDLE"}}
[debug] [2024-02-17T04:58:16.102Z] Finishing up request with event=finish {"metadata":{"emulator":{"name":"functions"},"function":{"name":"us-central1-api"},"extension":{},"message":"Finishing up request with event=finish"}}
[debug] [2024-02-17T04:58:16.104Z] Finishing up request with event=close {"metadata":{"emulator":{"name":"functions"},"function":{"name":"us-central1-api"},"extension":{},"message":"Finishing up request with event=close"}}
[debug] [2024-02-17T04:58:16.104Z] [work-queue] {"queuedWork":[],"queueLength":0,"runningWork":[],"workRunningCount":0}
[debug] [2024-02-17T04:59:30.298Z] [work-queue] {"queuedWork":["/clone-775f8/us-central1/api/payment/create-2024-02-17T04:59:30.298Z"],"queueLength":1,"runningWork":[],"workRunningCount":0}
[debug] [2024-02-17T04:59:30.300Z] [work-queue] {"queuedWork":[],"queueLength":0,"runningWork":["/clone-775f8/us-central1/api/payment/create-2024-02-17T04:59:30.298Z"],"workRunningCount":1}
[debug] [2024-02-17T04:59:30.300Z] Accepted request POST /clone-775f8/us-central1/api/payment/create?total=22098 --> us-central1-api
[debug] [2024-02-17T04:59:30.328Z] [functions] Runtime ready! Sending request! {"metadata":{"emulator":{"name":"functions"},"message":"[functions] Runtime ready! Sending request!"}}
[debug] [2024-02-17T04:59:30.354Z] [functions] Got req.url=/clone-775f8/us-central1/api/payment/create?total=22098, mapping to path=/payment/create?total=22098 {"metadata":{"emulator":{"name":"functions"},"message":"[functions] Got req.url=/clone-775f8/us-central1/api/payment/create?total=22098, mapping to path=/payment/create?total=22098"}}
[debug] [2024-02-17T04:59:30.355Z] [worker-pool] submitRequest(triggerId=us-central1-api) {"metadata":{"emulator":{"name":"functions"},"message":"[worker-pool] submitRequest(triggerId=us-central1-api)"}}
[info] i  functions: Beginning execution of "us-central1-api" {"metadata":{"emulator":{"name":"functions"},"function":{"name":"us-central1-api"},"extension":{},"message":"Beginning execution of \"us-central1-api\""}}
[debug] [2024-02-17T04:59:30.357Z] [worker-us-central1-api-b67035d0-df37-485b-9b33-9e08821b31fe]: BUSY {"metadata":{"emulator":{"name":"functions"},"function":{"name":"us-central1-api"},"extension":{},"message":"[worker-us-central1-api-b67035d0-df37-485b-9b33-9e08821b31fe]: BUSY"}}
[info] >  pi_3OkfzqDeWRJqZjuI4D57jHWH_secret_EV3ENjFX8hc0mYtTqVmSTlqmH {"user":"pi_3OkfzqDeWRJqZjuI4D57jHWH_secret_EV3ENjFX8hc0mYtTqVmSTlqmH","metadata":{"emulator":{"name":"functions"},"function":{"name":"us-central1-api"},"extension":{},"message":"\u001b[90m> \u001b[39m pi_3OkfzqDeWRJqZjuI4D57jHWH_secret_EV3ENjFX8hc0mYtTqVmSTlqmH"}}
[debug] [2024-02-17T04:59:30.724Z] Finishing up request with event=pause {"metadata":{"emulator":{"name":"functions"},"function":{"name":"us-central1-api"},"extension":{},"message":"Finishing up request with event=pause"}}
[info] i  functions: Finished "us-central1-api" in 366.8525ms {"metadata":{"emulator":{"name":"functions"},"function":{"name":"us-central1-api"},"extension":{},"message":"Finished \"us-central1-api\" in 366.8525ms"}}
[debug] [2024-02-17T04:59:30.726Z] [worker-us-central1-api-b67035d0-df37-485b-9b33-9e08821b31fe]: IDLE {"metadata":{"emulator":{"name":"functions"},"function":{"name":"us-central1-api"},"extension":{},"message":"[worker-us-central1-api-b67035d0-df37-485b-9b33-9e08821b31fe]: IDLE"}}
[debug] [2024-02-17T04:59:30.727Z] Finishing up request with event=finish {"metadata":{"emulator":{"name":"functions"},"function":{"name":"us-central1-api"},"extension":{},"message":"Finishing up request with event=finish"}}
[debug] [2024-02-17T04:59:30.728Z] Finishing up request with event=close {"metadata":{"emulator":{"name":"functions"},"function":{"name":"us-central1-api"},"extension":{},"message":"Finishing up request with event=close"}}
[debug] [2024-02-17T04:59:30.730Z] [work-queue] {"queuedWork":[],"queueLength":0,"runningWork":[],"workRunningCount":0}
[debug] [2024-02-17T05:00:01.841Z] [work-queue] {"queuedWork":["/clone-775f8/us-central1/api/payment/create-2024-02-17T05:00:01.789Z"],"queueLength":1,"runningWork":[],"workRunningCount":0}
[debug] [2024-02-17T05:00:01.842Z] [work-queue] {"queuedWork":[],"queueLength":0,"runningWork":["/clone-775f8/us-central1/api/payment/create-2024-02-17T05:00:01.789Z"],"workRunningCount":1}
[debug] [2024-02-17T05:00:01.859Z] Accepted request POST /clone-775f8/us-central1/api/payment/create?total=22098 --> us-central1-api
[debug] [2024-02-17T05:00:01.877Z] [functions] Runtime ready! Sending request! {"metadata":{"emulator":{"name":"functions"},"message":"[functions] Runtime ready! Sending request!"}}
[debug] [2024-02-17T05:00:01.890Z] [functions] Got req.url=/clone-775f8/us-central1/api/payment/create?total=22098, mapping to path=/payment/create?total=22098 {"metadata":{"emulator":{"name":"functions"},"message":"[functions] Got req.url=/clone-775f8/us-central1/api/payment/create?total=22098, mapping to path=/payment/create?total=22098"}}
[debug] [2024-02-17T05:00:01.902Z] [worker-pool] submitRequest(triggerId=us-central1-api) {"metadata":{"emulator":{"name":"functions"},"message":"[worker-pool] submitRequest(triggerId=us-central1-api)"}}
[info] i  functions: Beginning execution of "us-central1-api" {"metadata":{"emulator":{"name":"functions"},"function":{"name":"us-central1-api"},"extension":{},"message":"Beginning execution of \"us-central1-api\""}}
[debug] [2024-02-17T05:00:01.905Z] [worker-us-central1-api-b67035d0-df37-485b-9b33-9e08821b31fe]: BUSY {"metadata":{"emulator":{"name":"functions"},"function":{"name":"us-central1-api"},"extension":{},"message":"[worker-us-central1-api-b67035d0-df37-485b-9b33-9e08821b31fe]: BUSY"}}
[info] >  pi_3Okg0MDeWRJqZjuI2KCX2P1m_secret_P6iaBDjxvwSHAlcrQoFRj7PpL {"user":"pi_3Okg0MDeWRJqZjuI2KCX2P1m_secret_P6iaBDjxvwSHAlcrQoFRj7PpL","metadata":{"emulator":{"name":"functions"},"function":{"name":"us-central1-api"},"extension":{},"message":"\u001b[90m> \u001b[39m pi_3Okg0MDeWRJqZjuI2KCX2P1m_secret_P6iaBDjxvwSHAlcrQoFRj7PpL"}}
[debug] [2024-02-17T05:00:02.336Z] Finishing up request with event=pause {"metadata":{"emulator":{"name":"functions"},"function":{"name":"us-central1-api"},"extension":{},"message":"Finishing up request with event=pause"}}
[info] i  functions: Finished "us-central1-api" in 431.8305ms {"metadata":{"emulator":{"name":"functions"},"function":{"name":"us-central1-api"},"extension":{},"message":"Finished \"us-central1-api\" in 431.8305ms"}}
[debug] [2024-02-17T05:00:02.339Z] [worker-us-central1-api-b67035d0-df37-485b-9b33-9e08821b31fe]: IDLE {"metadata":{"emulator":{"name":"functions"},"function":{"name":"us-central1-api"},"extension":{},"message":"[worker-us-central1-api-b67035d0-df37-485b-9b33-9e08821b31fe]: IDLE"}}
[debug] [2024-02-17T05:00:02.340Z] Finishing up request with event=finish {"metadata":{"emulator":{"name":"functions"},"function":{"name":"us-central1-api"},"extension":{},"message":"Finishing up request with event=finish"}}
[debug] [2024-02-17T05:00:02.341Z] Finishing up request with event=close {"metadata":{"emulator":{"name":"functions"},"function":{"name":"us-central1-api"},"extension":{},"message":"Finishing up request with event=close"}}
[debug] [2024-02-17T05:00:02.341Z] [work-queue] {"queuedWork":[],"queueLength":0,"runningWork":[],"workRunningCount":0}
